Analysis & Synthesis report for segment_top
Wed Jan 11 14:20:09 2017
Quartus Prime Version 16.1.0 Build 196 10/24/2016 SJ Lite Edition


---------------------
; Table of Contents ;
---------------------
  1. Legal Notice
  2. Analysis & Synthesis Summary
  3. Analysis & Synthesis Settings
  4. Parallel Compilation
  5. Analysis & Synthesis Source Files Read
  6. Analysis & Synthesis Resource Usage Summary
  7. Analysis & Synthesis Resource Utilization by Entity
  8. Registers Removed During Synthesis
  9. General Register Statistics
 10. Parameter Settings for User Entity Instance: Top-level Entity: |segment_top
 11. Post-Synthesis Netlist Statistics for Top Partition
 12. Elapsed Time Per Partition
 13. Analysis & Synthesis Messages



----------------
; Legal Notice ;
----------------
Copyright (C) 2016  Intel Corporation. All rights reserved.
Your use of Intel Corporation's design tools, logic functions 
and other software and tools, and its AMPP partner logic 
functions, and any output files from any of the foregoing 
(including device programming or simulation files), and any 
associated documentation or information are expressly subject 
to the terms and conditions of the Intel Program License 
Subscription Agreement, the Intel Quartus Prime License Agreement,
the Intel MegaCore Function License Agreement, or other 
applicable license agreement, including, without limitation, 
that your use is for the sole purpose of programming logic 
devices manufactured by Intel and sold by Intel or its 
authorized distributors.  Please refer to the applicable 
agreement for further details.



+----------------------------------------------------------------------------------+
; Analysis & Synthesis Summary                                                     ;
+------------------------------------+---------------------------------------------+
; Analysis & Synthesis Status        ; Successful - Wed Jan 11 14:20:09 2017       ;
; Quartus Prime Version              ; 16.1.0 Build 196 10/24/2016 SJ Lite Edition ;
; Revision Name                      ; segment_top                                 ;
; Top-level Entity Name              ; segment_top                                 ;
; Family                             ; MAX 10                                      ;
; Total logic elements               ; 49                                          ;
;     Total combinational functions  ; 49                                          ;
;     Dedicated logic registers      ; 28                                          ;
; Total registers                    ; 28                                          ;
; Total pins                         ; 20                                          ;
; Total virtual pins                 ; 0                                           ;
; Total memory bits                  ; 0                                           ;
; Embedded Multiplier 9-bit elements ; 0                                           ;
; Total PLLs                         ; 0                                           ;
; UFM blocks                         ; 0                                           ;
; ADC blocks                         ; 0                                           ;
+------------------------------------+---------------------------------------------+


+----------------------------------------------------------------------------------------------------------------------+
; Analysis & Synthesis Settings                                                                                        ;
+----------------------------------------------------------------------------+--------------------+--------------------+
; Option                                                                     ; Setting            ; Default Value      ;
+----------------------------------------------------------------------------+--------------------+--------------------+
; Device                                                                     ; 10M02SCM153I7G     ;                    ;
; Top-level entity name                                                      ; segment_top        ; segment_top        ;
; Family name                                                                ; MAX 10             ; Cyclone V          ;
; Use smart compilation                                                      ; Off                ; Off                ;
; Enable parallel Assembler and TimeQuest Timing Analyzer during compilation ; On                 ; On                 ;
; Enable compact report table                                                ; Off                ; Off                ;
; Restructure Multiplexers                                                   ; Auto               ; Auto               ;
; Create Debugging Nodes for IP Cores                                        ; Off                ; Off                ;
; Preserve fewer node names                                                  ; On                 ; On                 ;
; OpenCore Plus hardware evaluation                                          ; Enable             ; Enable             ;
; Verilog Version                                                            ; Verilog_2001       ; Verilog_2001       ;
; VHDL Version                                                               ; VHDL_1993          ; VHDL_1993          ;
; State Machine Processing                                                   ; Auto               ; Auto               ;
; Safe State Machine                                                         ; Off                ; Off                ;
; Extract Verilog State Machines                                             ; On                 ; On                 ;
; Extract VHDL State Machines                                                ; On                 ; On                 ;
; Ignore Verilog initial constructs                                          ; Off                ; Off                ;
; Iteration limit for constant Verilog loops                                 ; 5000               ; 5000               ;
; Iteration limit for non-constant Verilog loops                             ; 250                ; 250                ;
; Add Pass-Through Logic to Inferred RAMs                                    ; On                 ; On                 ;
; Infer RAMs from Raw Logic                                                  ; On                 ; On                 ;
; Parallel Synthesis                                                         ; On                 ; On                 ;
; DSP Block Balancing                                                        ; Auto               ; Auto               ;
; NOT Gate Push-Back                                                         ; On                 ; On                 ;
; Power-Up Don't Care                                                        ; On                 ; On                 ;
; Remove Redundant Logic Cells                                               ; Off                ; Off                ;
; Remove Duplicate Registers                                                 ; On                 ; On                 ;
; Ignore CARRY Buffers                                                       ; Off                ; Off                ;
; Ignore CASCADE Buffers                                                     ; Off                ; Off                ;
; Ignore GLOBAL Buffers                                                      ; Off                ; Off                ;
; Ignore ROW GLOBAL Buffers                                                  ; Off                ; Off                ;
; Ignore LCELL Buffers                                                       ; Off                ; Off                ;
; Ignore SOFT Buffers                                                        ; On                 ; On                 ;
; Limit AHDL Integers to 32 Bits                                             ; Off                ; Off                ;
; Optimization Technique                                                     ; Balanced           ; Balanced           ;
; Carry Chain Length                                                         ; 70                 ; 70                 ;
; Auto Carry Chains                                                          ; On                 ; On                 ;
; Auto Open-Drain Pins                                                       ; On                 ; On                 ;
; Perform WYSIWYG Primitive Resynthesis                                      ; Off                ; Off                ;
; Auto ROM Replacement                                                       ; On                 ; On                 ;
; Auto RAM Replacement                                                       ; On                 ; On                 ;
; Auto DSP Block Replacement                                                 ; On                 ; On                 ;
; Auto Shift Register Replacement                                            ; Auto               ; Auto               ;
; Allow Shift Register Merging across Hierarchies                            ; Auto               ; Auto               ;
; Auto Clock Enable Replacement                                              ; On                 ; On                 ;
; Strict RAM Replacement                                                     ; Off                ; Off                ;
; Allow Synchronous Control Signals                                          ; On                 ; On                 ;
; Force Use of Synchronous Clear Signals                                     ; Off                ; Off                ;
; Auto RAM Block Balancing                                                   ; On                 ; On                 ;
; Auto RAM to Logic Cell Conversion                                          ; Off                ; Off                ;
; Auto Resource Sharing                                                      ; Off                ; Off                ;
; Allow Any RAM Size For Recognition                                         ; Off                ; Off                ;
; Allow Any ROM Size For Recognition                                         ; Off                ; Off                ;
; Allow Any Shift Register Size For Recognition                              ; Off                ; Off                ;
; Use LogicLock Constraints during Resource Balancing                        ; On                 ; On                 ;
; Ignore translate_off and synthesis_off directives                          ; Off                ; Off                ;
; Timing-Driven Synthesis                                                    ; On                 ; On                 ;
; Report Parameter Settings                                                  ; On                 ; On                 ;
; Report Source Assignments                                                  ; On                 ; On                 ;
; Report Connectivity Checks                                                 ; On                 ; On                 ;
; Ignore Maximum Fan-Out Assignments                                         ; Off                ; Off                ;
; Synchronization Register Chain Length                                      ; 2                  ; 2                  ;
; PowerPlay Power Optimization During Synthesis                              ; Normal compilation ; Normal compilation ;
; HDL message level                                                          ; Level2             ; Level2             ;
; Suppress Register Optimization Related Messages                            ; Off                ; Off                ;
; Number of Removed Registers Reported in Synthesis Report                   ; 5000               ; 5000               ;
; Number of Swept Nodes Reported in Synthesis Report                         ; 5000               ; 5000               ;
; Number of Inverted Registers Reported in Synthesis Report                  ; 100                ; 100                ;
; Clock MUX Protection                                                       ; On                 ; On                 ;
; Auto Gated Clock Conversion                                                ; Off                ; Off                ;
; Block Design Naming                                                        ; Auto               ; Auto               ;
; SDC constraint protection                                                  ; Off                ; Off                ;
; Synthesis Effort                                                           ; Auto               ; Auto               ;
; Shift Register Replacement - Allow Asynchronous Clear Signal               ; On                 ; On                 ;
; Pre-Mapping Resynthesis Optimization                                       ; Off                ; Off                ;
; Analysis & Synthesis Message Level                                         ; Medium             ; Medium             ;
; Disable Register Merging Across Hierarchies                                ; Auto               ; Auto               ;
; Resource Aware Inference For Block RAM                                     ; On                 ; On                 ;
+----------------------------------------------------------------------------+--------------------+--------------------+


+------------------------------------------+
; Parallel Compilation                     ;
+----------------------------+-------------+
; Processors                 ; Number      ;
+----------------------------+-------------+
; Number detected on machine ; 4           ;
; Maximum allowed            ; 2           ;
;                            ;             ;
; Average used               ; 1.00        ;
; Maximum used               ; 2           ;
;                            ;             ;
; Usage by Processor         ; % Time Used ;
;     Processor 1            ; 100.0%      ;
;     Processor 2            ;   0.0%      ;
+----------------------------+-------------+


+---------------------------------------------------------------------------------------------------------------------------------+
; Analysis & Synthesis Source Files Read                                                                                          ;
+----------------------------------+-----------------+------------------------+-----------------------------------------+---------+
; File Name with User-Entered Path ; Used in Netlist ; File Type              ; File Name with Absolute Path            ; Library ;
+----------------------------------+-----------------+------------------------+-----------------------------------------+---------+
; segment_top.v                    ; yes             ; User Verilog HDL File  ; F:/tutorial2/Lab_segment1/segment_top.v ;         ;
; segment_led.v                    ; yes             ; User Verilog HDL File  ; F:/tutorial2/Lab_segment1/segment_led.v ;         ;
+----------------------------------+-----------------+------------------------+-----------------------------------------+---------+


+------------------------------------------------------------+
; Analysis & Synthesis Resource Usage Summary                ;
+---------------------------------------------+--------------+
; Resource                                    ; Usage        ;
+---------------------------------------------+--------------+
; Estimated Total logic elements              ; 49           ;
;                                             ;              ;
; Total combinational functions               ; 49           ;
; Logic element usage by number of LUT inputs ;              ;
;     -- 4 input functions                    ; 21           ;
;     -- 3 input functions                    ; 3            ;
;     -- <=2 input functions                  ; 25           ;
;                                             ;              ;
; Logic elements by mode                      ;              ;
;     -- normal mode                          ; 26           ;
;     -- arithmetic mode                      ; 23           ;
;                                             ;              ;
; Total registers                             ; 28           ;
;     -- Dedicated logic registers            ; 28           ;
;     -- I/O registers                        ; 0            ;
;                                             ;              ;
; I/O pins                                    ; 20           ;
;                                             ;              ;
; Embedded Multiplier 9-bit elements          ; 0            ;
;                                             ;              ;
; Maximum fan-out node                        ; clk_in~input ;
; Maximum fan-out                             ; 28           ;
; Total fan-out                               ; 288          ;
; Average fan-out                             ; 2.46         ;
+---------------------------------------------+--------------+


+---------------------------------------------------------------------------------------------------------------------------------------------------------------------------------------------------------------------------------------------------------------+
; Analysis & Synthesis Resource Utilization by Entity                                                                                                                                                                                                           ;
+----------------------------------+---------------------+---------------------------+-------------+------------+--------------+---------+-----------+------+--------------+------------+------------------------------------------+-------------+--------------+
; Compilation Hierarchy Node       ; Combinational ALUTs ; Dedicated Logic Registers ; Memory Bits ; UFM Blocks ; DSP Elements ; DSP 9x9 ; DSP 18x18 ; Pins ; Virtual Pins ; ADC blocks ; Full Hierarchy Name                      ; Entity Name ; Library Name ;
+----------------------------------+---------------------+---------------------------+-------------+------------+--------------+---------+-----------+------+--------------+------------+------------------------------------------+-------------+--------------+
; |segment_top                     ; 49 (42)             ; 28 (28)                   ; 0           ; 0          ; 0            ; 0       ; 0         ; 20   ; 0            ; 0          ; |segment_top                             ; segment_top ; work         ;
;    |segment_led:segment_led_uut| ; 7 (7)               ; 0 (0)                     ; 0           ; 0          ; 0            ; 0       ; 0         ; 0    ; 0            ; 0          ; |segment_top|segment_led:segment_led_uut ; segment_led ; work         ;
+----------------------------------+---------------------+---------------------------+-------------+------------+--------------+---------+-----------+------+--------------+------------+------------------------------------------+-------------+--------------+
Note: For table entries with two numbers listed, the numbers in parentheses indicate the number of resources of the given type used by the specific entity alone. The numbers listed outside of parentheses indicate the total resources of the given type used by the specific entity and all of its sub-entities in the hierarchy.


+-------------------------------------------------------------------------------+
; Registers Removed During Synthesis                                            ;
+----------------------------------------+--------------------------------------+
; Register name                          ; Reason for Removal                   ;
+----------------------------------------+--------------------------------------+
; segment_led:segment_led_uut|seg~0      ; Stuck at GND due to stuck port clock ;
; segment_led:segment_led_uut|seg~1      ; Stuck at GND due to stuck port clock ;
; segment_led:segment_led_uut|seg~2      ; Stuck at GND due to stuck port clock ;
; segment_led:segment_led_uut|seg~3      ; Stuck at GND due to stuck port clock ;
; segment_led:segment_led_uut|seg~4      ; Stuck at GND due to stuck port clock ;
; segment_led:segment_led_uut|seg~5      ; Stuck at GND due to stuck port clock ;
; segment_led:segment_led_uut|seg~6      ; Stuck at GND due to stuck port clock ;
; segment_led:segment_led_uut|seg~7      ; Stuck at GND due to stuck port clock ;
; segment_led:segment_led_uut|seg~8      ; Stuck at GND due to stuck port clock ;
; segment_led:segment_led_uut|seg~9      ; Stuck at GND due to stuck port clock ;
; segment_led:segment_led_uut|seg~10     ; Stuck at GND due to stuck port clock ;
; segment_led:segment_led_uut|seg~11     ; Stuck at GND due to stuck port clock ;
; segment_led:segment_led_uut|seg~12     ; Stuck at GND due to stuck port clock ;
; segment_led:segment_led_uut|seg~13     ; Stuck at GND due to stuck port clock ;
; segment_led:segment_led_uut|seg~14     ; Stuck at GND due to stuck port clock ;
; segment_led:segment_led_uut|seg~15     ; Stuck at GND due to stuck port clock ;
; segment_led:segment_led_uut|seg~16     ; Stuck at GND due to stuck port clock ;
; segment_led:segment_led_uut|seg~17     ; Stuck at GND due to stuck port clock ;
; segment_led:segment_led_uut|seg~18     ; Stuck at GND due to stuck port clock ;
; segment_led:segment_led_uut|seg~19     ; Stuck at GND due to stuck port clock ;
; segment_led:segment_led_uut|seg~20     ; Stuck at GND due to stuck port clock ;
; segment_led:segment_led_uut|seg~21     ; Stuck at GND due to stuck port clock ;
; segment_led:segment_led_uut|seg~22     ; Stuck at GND due to stuck port clock ;
; segment_led:segment_led_uut|seg~23     ; Stuck at GND due to stuck port clock ;
; segment_led:segment_led_uut|seg~24     ; Stuck at GND due to stuck port clock ;
; segment_led:segment_led_uut|seg~25     ; Stuck at GND due to stuck port clock ;
; segment_led:segment_led_uut|seg~26     ; Stuck at GND due to stuck port clock ;
; segment_led:segment_led_uut|seg~27     ; Stuck at GND due to stuck port clock ;
; segment_led:segment_led_uut|seg~28     ; Stuck at GND due to stuck port clock ;
; segment_led:segment_led_uut|seg~29     ; Stuck at GND due to stuck port clock ;
; segment_led:segment_led_uut|seg~30     ; Stuck at GND due to stuck port clock ;
; segment_led:segment_led_uut|seg~31     ; Stuck at GND due to stuck port clock ;
; segment_led:segment_led_uut|seg~32     ; Stuck at GND due to stuck port clock ;
; segment_led:segment_led_uut|seg~33     ; Stuck at GND due to stuck port clock ;
; segment_led:segment_led_uut|seg~34     ; Stuck at GND due to stuck port clock ;
; segment_led:segment_led_uut|seg~35     ; Stuck at GND due to stuck port clock ;
; segment_led:segment_led_uut|seg~36     ; Stuck at GND due to stuck port clock ;
; segment_led:segment_led_uut|seg~37     ; Stuck at GND due to stuck port clock ;
; segment_led:segment_led_uut|seg~38     ; Stuck at GND due to stuck port clock ;
; segment_led:segment_led_uut|seg~39     ; Stuck at GND due to stuck port clock ;
; segment_led:segment_led_uut|seg~40     ; Stuck at GND due to stuck port clock ;
; segment_led:segment_led_uut|seg~41     ; Stuck at GND due to stuck port clock ;
; segment_led:segment_led_uut|seg~42     ; Stuck at GND due to stuck port clock ;
; segment_led:segment_led_uut|seg~43     ; Stuck at GND due to stuck port clock ;
; segment_led:segment_led_uut|seg~44     ; Stuck at GND due to stuck port clock ;
; segment_led:segment_led_uut|seg~45     ; Stuck at GND due to stuck port clock ;
; segment_led:segment_led_uut|seg~46     ; Stuck at GND due to stuck port clock ;
; segment_led:segment_led_uut|seg~47     ; Stuck at GND due to stuck port clock ;
; segment_led:segment_led_uut|seg~48     ; Stuck at GND due to stuck port clock ;
; segment_led:segment_led_uut|seg~49     ; Stuck at GND due to stuck port clock ;
; segment_led:segment_led_uut|seg~50     ; Stuck at GND due to stuck port clock ;
; segment_led:segment_led_uut|seg~51     ; Stuck at GND due to stuck port clock ;
; segment_led:segment_led_uut|seg~52     ; Stuck at GND due to stuck port clock ;
; segment_led:segment_led_uut|seg~53     ; Stuck at GND due to stuck port clock ;
; segment_led:segment_led_uut|seg~54     ; Stuck at GND due to stuck port clock ;
; segment_led:segment_led_uut|seg~55     ; Stuck at GND due to stuck port clock ;
; segment_led:segment_led_uut|seg~56     ; Stuck at GND due to stuck port clock ;
; segment_led:segment_led_uut|seg~57     ; Stuck at GND due to stuck port clock ;
; segment_led:segment_led_uut|seg~58     ; Stuck at GND due to stuck port clock ;
; segment_led:segment_led_uut|seg~59     ; Stuck at GND due to stuck port clock ;
; segment_led:segment_led_uut|seg~60     ; Stuck at GND due to stuck port clock ;
; segment_led:segment_led_uut|seg~61     ; Stuck at GND due to stuck port clock ;
; segment_led:segment_led_uut|seg~62     ; Stuck at GND due to stuck port clock ;
; segment_led:segment_led_uut|seg~63     ; Stuck at GND due to stuck port clock ;
; segment_led:segment_led_uut|seg~64     ; Stuck at GND due to stuck port clock ;
; segment_led:segment_led_uut|seg~65     ; Stuck at GND due to stuck port clock ;
; segment_led:segment_led_uut|seg~66     ; Stuck at GND due to stuck port clock ;
; segment_led:segment_led_uut|seg~67     ; Stuck at GND due to stuck port clock ;
; segment_led:segment_led_uut|seg~68     ; Stuck at GND due to stuck port clock ;
; segment_led:segment_led_uut|seg~69     ; Stuck at GND due to stuck port clock ;
; segment_led:segment_led_uut|seg~70     ; Stuck at GND due to stuck port clock ;
; segment_led:segment_led_uut|seg~71     ; Stuck at GND due to stuck port clock ;
; segment_led:segment_led_uut|seg~72     ; Stuck at GND due to stuck port clock ;
; segment_led:segment_led_uut|seg~73     ; Stuck at GND due to stuck port clock ;
; segment_led:segment_led_uut|seg~74     ; Stuck at GND due to stuck port clock ;
; segment_led:segment_led_uut|seg~75     ; Stuck at GND due to stuck port clock ;
; segment_led:segment_led_uut|seg~76     ; Stuck at GND due to stuck port clock ;
; segment_led:segment_led_uut|seg~77     ; Stuck at GND due to stuck port clock ;
; segment_led:segment_led_uut|seg~78     ; Stuck at GND due to stuck port clock ;
; segment_led:segment_led_uut|seg~79     ; Stuck at GND due to stuck port clock ;
; segment_led:segment_led_uut|seg~80     ; Stuck at GND due to stuck port clock ;
; segment_led:segment_led_uut|seg~81     ; Stuck at GND due to stuck port clock ;
; segment_led:segment_led_uut|seg~82     ; Stuck at GND due to stuck port clock ;
; segment_led:segment_led_uut|seg~83     ; Stuck at GND due to stuck port clock ;
; segment_led:segment_led_uut|seg~84     ; Stuck at GND due to stuck port clock ;
; segment_led:segment_led_uut|seg~85     ; Stuck at GND due to stuck port clock ;
; segment_led:segment_led_uut|seg~86     ; Stuck at GND due to stuck port clock ;
; segment_led:segment_led_uut|seg~87     ; Stuck at GND due to stuck port clock ;
; segment_led:segment_led_uut|seg~88     ; Stuck at GND due to stuck port clock ;
; segment_led:segment_led_uut|seg~89     ; Stuck at GND due to stuck port clock ;
; Total Number of Removed Registers = 90 ;                                      ;
+----------------------------------------+--------------------------------------+


+------------------------------------------------------+
; General Register Statistics                          ;
+----------------------------------------------+-------+
; Statistic                                    ; Value ;
+----------------------------------------------+-------+
; Total registers                              ; 28    ;
; Number of registers using Synchronous Clear  ; 24    ;
; Number of registers using Synchronous Load   ; 0     ;
; Number of registers using Asynchronous Clear ; 28    ;
; Number of registers using Asynchronous Load  ; 0     ;
; Number of registers using Clock Enable       ; 4     ;
; Number of registers using Preset             ; 0     ;
+----------------------------------------------+-------+


+-----------------------------------------------------------------------------+
; Parameter Settings for User Entity Instance: Top-level Entity: |segment_top ;
+----------------+----------+-------------------------------------------------+
; Parameter Name ; Value    ; Type                                            ;
+----------------+----------+-------------------------------------------------+
; CNT_NUM        ; 12000000 ; Signed Integer                                  ;
+----------------+----------+-------------------------------------------------+
Note: In order to hide this table in the UI and the text report file, please set the "Show Parameter Settings in Synthesis Report" option in "Analysis and Synthesis Settings -> More Settings" to "Off".


+-----------------------------------------------------+
; Post-Synthesis Netlist Statistics for Top Partition ;
+-----------------------+-----------------------------+
; Type                  ; Count                       ;
+-----------------------+-----------------------------+
; boundary_port         ; 20                          ;
; cycloneiii_ff         ; 28                          ;
;     CLR SCLR          ; 24                          ;
;     ENA CLR           ; 4                           ;
; cycloneiii_lcell_comb ; 56                          ;
;     arith             ; 23                          ;
;         2 data inputs ; 23                          ;
;     normal            ; 33                          ;
;         0 data inputs ; 1                           ;
;         1 data inputs ; 7                           ;
;         2 data inputs ; 1                           ;
;         3 data inputs ; 3                           ;
;         4 data inputs ; 21                          ;
;                       ;                             ;
; Max LUT depth         ; 4.00                        ;
; Average LUT depth     ; 2.63                        ;
+-----------------------+-----------------------------+


+-------------------------------+
; Elapsed Time Per Partition    ;
+----------------+--------------+
; Partition Name ; Elapsed Time ;
+----------------+--------------+
; Top            ; 00:00:01     ;
+----------------+--------------+


+-------------------------------+
; Analysis & Synthesis Messages ;
+-------------------------------+
Info: *******************************************************************
Info: Running Quartus Prime Analysis & Synthesis
    Info: Version 16.1.0 Build 196 10/24/2016 SJ Lite Edition
    Info: Processing started: Wed Jan 11 14:19:42 2017
Info: Command: quartus_map --read_settings_files=on --write_settings_files=off segment_top -c segment_top
Warning (18236): Number of processors has not been specified which may cause overloading on shared machines.  Set the global assignment NUM_PARALLEL_PROCESSORS in your QSF to an appropriate value for best performance.
Info (20030): Parallel compilation is enabled and will use 2 of the 2 processors detected
Info (12021): Found 1 design units, including 1 entities, in source file segment_top.v
    Info (12023): Found entity 1: segment_top File: F:/tutorial2/Lab_segment1/segment_top.v Line: 18
Info (12021): Found 1 design units, including 1 entities, in source file segment_led.v
    Info (12023): Found entity 1: segment_led File: F:/tutorial2/Lab_segment1/segment_led.v Line: 18
Info (12127): Elaborating entity "segment_top" for the top level hierarchy
Info (12128): Elaborating entity "segment_led" for hierarchy "segment_led:segment_led_uut" File: F:/tutorial2/Lab_segment1/segment_top.v Line: 55
Warning (10030): Net "seg.data_a" at segment_led.v(26) has no driver or initial value, using a default initial value '0' File: F:/tutorial2/Lab_segment1/segment_led.v Line: 26
Warning (10030): Net "seg.waddr_a" at segment_led.v(26) has no driver or initial value, using a default initial value '0' File: F:/tutorial2/Lab_segment1/segment_led.v Line: 26
Warning (10030): Net "seg.we_a" at segment_led.v(26) has no driver or initial value, using a default initial value '0' File: F:/tutorial2/Lab_segment1/segment_led.v Line: 26
Critical Warning (127005): Memory depth (16) in the design file differs from memory depth (10) in the Memory Initialization File "F:/tutorial2/Lab_segment1/db/segment_top.ram0_segment_led_162f1131.hdl.mif" -- setting initial value for remaining addresses to 0
Info (276014): Found 1 instances of uninferred RAM logic
    Info (276013): RAM logic "segment_led:segment_led_uut|seg" is uninferred because MIF is not supported for the selected family File: F:/tutorial2/Lab_segment1/segment_led.v Line: 26
Warning (13024): Output pins are stuck at VCC or GND
    Warning (13410): Pin "segment_led_1[7]" is stuck at GND File: F:/tutorial2/Lab_segment1/segment_top.v Line: 22
    Warning (13410): Pin "segment_led_1[8]" is stuck at GND File: F:/tutorial2/Lab_segment1/segment_top.v Line: 22
    Warning (13410): Pin "segment_led_2[7]" is stuck at GND File: F:/tutorial2/Lab_segment1/segment_top.v Line: 24
    Warning (13410): Pin "segment_led_2[8]" is stuck at GND File: F:/tutorial2/Lab_segment1/segment_top.v Line: 24
Info (286030): Timing-Driven Synthesis is running
Info (16010): Generating hard_block partition "hard_block:auto_generated_inst"
    Info (16011): Adding 0 node(s), including 0 DDIO, 0 PLL, 0 transceiver and 0 LCELL
Info (21057): Implemented 69 device resources after synthesis - the final resource count might be different
    Info (21058): Implemented 2 input pins
    Info (21059): Implemented 18 output pins
    Info (21061): Implemented 49 logic cells
Info: Quartus Prime Analysis & Synthesis was successful. 0 errors, 10 warnings
    Info: Peak virtual memory: 624 megabytes
    Info: Processing ended: Wed Jan 11 14:20:09 2017
    Info: Elapsed time: 00:00:27
    Info: Total CPU time (on all processors): 00:01:04


