Info: Start Nativelink Simulation process

========= EDA Simulation Settings =====================

Sim Mode              :  Gate
Family                :  max10
Quartus root          :  c:/intelfpga_lite/16.1/quartus/bin64/
Quartus sim root      :  c:/intelfpga_lite/16.1/quartus/eda/sim_lib
Simulation Tool       :  modelsim-altera
Simulation Language   :  verilog
Simulation Mode       :  GUI
Sim Output File       :  singlepulse.vo
Sim SDF file          :  singlepulse__verilog.sdo
Sim dir               :  simulation\modelsim

=======================================================

Info: Starting NativeLink simulation with ModelSim-Altera software
Sourced NativeLink script c:/intelfpga_lite/16.1/quartus/common/tcl/internal/nativelink/modelsim.tcl
Probing transcript
ModelSim-Altera Info: # Reading C:/intelFPGA_lite/16.1/modelsim_ase/tcl/vsim/pref.tcl
ModelSim-Altera Info: # ERROR: No extended dataflow license exists
ModelSim-Altera Info: # do singlepulse_run_msim_gate_verilog.do
ModelSim-Altera Info: # if {[file exists gate_work]} {
ModelSim-Altera Info: # 	vdel -lib gate_work -all
ModelSim-Altera Info: # }
ModelSim-Altera Info: # vlib gate_work
ModelSim-Altera Info: # vmap work gate_work
ModelSim-Altera Info: # Model Technology ModelSim - Intel FPGA Edition vmap 10.5b Lib Mapping Utility 2016.10 Oct  5 2016
ModelSim-Altera Info: # vmap work gate_work 
ModelSim-Altera Info: # Copying C:/intelFPGA_lite/16.1/modelsim_ase/win32aloem/../modelsim.ini to modelsim.ini
ModelSim-Altera Info: # Modifying modelsim.ini
ModelSim-Altera Info: # 
ModelSim-Altera Info: # vlog -vlog01compat -work work +incdir+. {singlepulse.vo}
ModelSim-Altera Info: # Model Technology ModelSim - Intel FPGA Edition vlog 10.5b Compiler 2016.10 Oct  5 2016
ModelSim-Altera Info: # Start time: 14:46:24 on Jan 11,2017
ModelSim-Altera Info: # vlog -reportprogress 300 -vlog01compat -work work "+incdir+." singlepulse.vo 
ModelSim-Altera Info: # -- Compiling module singlepulse
ModelSim-Altera Info: # -- Compiling module hard_block
ModelSim-Altera Info: # 
ModelSim-Altera Info: # Top level modules:
ModelSim-Altera Info: # 	singlepulse
ModelSim-Altera Info: # End time: 14:46:24 on Jan 11,2017, Elapsed time: 0:00:00
ModelSim-Altera Info: # Errors: 0, Warnings: 0
ModelSim-Altera Info: # 
ModelSim-Altera Info: # vlog -vlog01compat -work work +incdir+F:/tutorial2/Lab_singlepulse {F:/tutorial2/Lab_singlepulse/singlepulse_tb.v}
ModelSim-Altera Info: # Model Technology ModelSim - Intel FPGA Edition vlog 10.5b Compiler 2016.10 Oct  5 2016
ModelSim-Altera Info: # Start time: 14:46:24 on Jan 11,2017
ModelSim-Altera Info: # vlog -reportprogress 300 -vlog01compat -work work "+incdir+F:/tutorial2/Lab_singlepulse" F:/tutorial2/Lab_singlepulse/singlepulse_tb.v 
ModelSim-Altera Info: # -- Compiling module singlepulse_tb
ModelSim-Altera Info: # 
ModelSim-Altera Info: # Top level modules:
ModelSim-Altera Info: # 	singlepulse_tb
ModelSim-Altera Info: # End time: 14:46:24 on Jan 11,2017, Elapsed time: 0:00:00
ModelSim-Altera Info: # Errors: 0, Warnings: 0
ModelSim-Altera Info: # 
ModelSim-Altera Info: # vsim -t 1ps +transport_int_delays +transport_path_delays -L altera_ver -L altera_lnsim_ver -L fiftyfivenm_ver -L gate_work -L work -voptargs="+acc"  singlepulse_tb
ModelSim-Altera Info: # vsim -t 1ps "+transport_int_delays" "+transport_path_delays" -L altera_ver -L altera_lnsim_ver -L fiftyfivenm_ver -L gate_work -L work -voptargs=""+acc"" singlepulse_tb 
ModelSim-Altera Info: # Start time: 14:46:24 on Jan 11,2017
ModelSim-Altera Info: # Loading work.singlepulse_tb
ModelSim-Altera Info: # Loading work.singlepulse
ModelSim-Altera Info: # Loading work.hard_block
ModelSim-Altera Info: # Loading altera_ver.dffeas
ModelSim-Altera Info: # Loading altera_ver.PRIM_GDFF_LOW
ModelSim-Altera Info: # 
ModelSim-Altera Info: # add wave *
ModelSim-Altera Info: # view structure
ModelSim-Altera Info: # .main_pane.structure.interior.cs.body.struct
ModelSim-Altera Info: # view signals
ModelSim-Altera Info: # .main_pane.objects.interior.cs.body.tree
ModelSim-Altera Info: # run 10 us
ModelSim-Altera Info: # End time: 14:46:48 on Jan 11,2017, Elapsed time: 0:00:24
ModelSim-Altera Info: # Errors: 0, Warnings: 0
Info: NativeLink simulation flow was successful
