Flow report for debounce
Wed Jan 04 14:24:14 2017
Quartus II 64-Bit Version 15.0.0 Build 145 04/22/2015 SJ Full Version


---------------------
; Table of Contents ;
---------------------
  1. Legal Notice
  2. Flow Summary
  3. Flow Settings
  4. Flow Non-Default Global Settings
  5. Flow Elapsed Time
  6. Flow OS Summary
  7. Flow Log
  8. Flow Messages
  9. Flow Suppressed Messages



----------------
; Legal Notice ;
----------------
Copyright (C) 1991-2015 Altera Corporation. All rights reserved.
Your use of Altera Corporation's design tools, logic functions 
and other software and tools, and its AMPP partner logic 
functions, and any output files from any of the foregoing 
(including device programming or simulation files), and any 
associated documentation or information are expressly subject 
to the terms and conditions of the Altera Program License 
Subscription Agreement, the Altera Quartus II License Agreement,
the Altera MegaCore Function License Agreement, or other 
applicable license agreement, including, without limitation, 
that your use is for the sole purpose of programming logic 
devices manufactured by Altera and sold by Altera or its 
authorized distributors.  Please refer to the applicable 
agreement for further details.



+----------------------------------------------------------------------------------+
; Flow Summary                                                                     ;
+------------------------------------+---------------------------------------------+
; Flow Status                        ; Successful - Wed Jan 04 14:24:14 2017       ;
; Quartus II 64-Bit Version          ; 15.0.0 Build 145 04/22/2015 SJ Full Version ;
; Revision Name                      ; debounce                                    ;
; Top-level Entity Name              ; debounce                                    ;
; Family                             ; MAX 10                                      ;
; Device                             ; 10M02SCM153I7G                              ;
; Timing Models                      ; Advance                                     ;
; Total logic elements               ; 31 / 2,304 ( 1 % )                          ;
;     Total combinational functions  ; 31 / 2,304 ( 1 % )                          ;
;     Dedicated logic registers      ; 23 / 2,304 ( < 1 % )                        ;
; Total registers                    ; 23                                          ;
; Total pins                         ; 5 / 112 ( 4 % )                             ;
; Total virtual pins                 ; 0                                           ;
; Total memory bits                  ; 0 / 110,592 ( 0 % )                         ;
; Embedded Multiplier 9-bit elements ; 0 / 32 ( 0 % )                              ;
; Total PLLs                         ; 0 / 1 ( 0 % )                               ;
; UFM blocks                         ; 0 / 1 ( 0 % )                               ;
; ADC blocks                         ; 0                                           ;
+------------------------------------+---------------------------------------------+


+-----------------------------------------+
; Flow Settings                           ;
+-------------------+---------------------+
; Option            ; Setting             ;
+-------------------+---------------------+
; Start date & time ; 01/04/2017 14:22:56 ;
; Main task         ; Compilation         ;
; Revision Name     ; debounce            ;
+-------------------+---------------------+


+-----------------------------------------------------------------------------------------------------------------------------+
; Flow Non-Default Global Settings                                                                                            ;
+--------------------------------------+---------------------------------------+---------------+-------------+----------------+
; Assignment Name                      ; Value                                 ; Default Value ; Entity Name ; Section Id     ;
+--------------------------------------+---------------------------------------+---------------+-------------+----------------+
; COMPILER_SIGNATURE_ID                ; 203050742078873.148351097621408       ; --            ; --          ; --             ;
; EDA_DESIGN_INSTANCE_NAME             ; NA                                    ; --            ; --          ; debounce_tb    ;
; EDA_NATIVELINK_SIMULATION_TEST_BENCH ; debounce_tb                           ; --            ; --          ; eda_simulation ;
; EDA_OUTPUT_DATA_FORMAT               ; Verilog Hdl                           ; --            ; --          ; eda_simulation ;
; EDA_SIMULATION_TOOL                  ; ModelSim (Verilog)                    ; <None>        ; --          ; --             ;
; EDA_TEST_BENCH_ENABLE_STATUS         ; TEST_BENCH_MODE                       ; --            ; --          ; eda_simulation ;
; EDA_TEST_BENCH_FILE                  ; debounce_tb.v                         ; --            ; --          ; debounce_tb    ;
; EDA_TEST_BENCH_MODULE_NAME           ; debounce_tb                           ; --            ; --          ; debounce_tb    ;
; EDA_TEST_BENCH_NAME                  ; debounce_tb                           ; --            ; --          ; eda_simulation ;
; EDA_TEST_BENCH_RUN_SIM_FOR           ; 100 us                                ; --            ; --          ; debounce_tb    ;
; EDA_TIME_SCALE                       ; 1 ps                                  ; --            ; --          ; eda_simulation ;
; FLOW_ENABLE_POWER_ANALYZER           ; On                                    ; Off           ; --          ; --             ;
; MAX_CORE_JUNCTION_TEMP               ; 100                                   ; --            ; --          ; --             ;
; MIN_CORE_JUNCTION_TEMP               ; -40                                   ; --            ; --          ; --             ;
; OUTPUT_IO_TIMING_FAR_END_VMEAS       ; Half Signal Swing                     ; --            ; --          ; --             ;
; OUTPUT_IO_TIMING_FAR_END_VMEAS       ; Half Signal Swing                     ; --            ; --          ; --             ;
; OUTPUT_IO_TIMING_NEAR_END_VMEAS      ; Half Vccio                            ; --            ; --          ; --             ;
; OUTPUT_IO_TIMING_NEAR_END_VMEAS      ; Half Vccio                            ; --            ; --          ; --             ;
; PARTITION_COLOR                      ; 16764057                              ; --            ; --          ; Top            ;
; PARTITION_FITTER_PRESERVATION_LEVEL  ; PLACEMENT_AND_ROUTING                 ; --            ; --          ; Top            ;
; PARTITION_NETLIST_TYPE               ; SOURCE                                ; --            ; --          ; Top            ;
; POWER_BOARD_THERMAL_MODEL            ; None (CONSERVATIVE)                   ; --            ; --          ; --             ;
; POWER_DEFAULT_INPUT_IO_TOGGLE_RATE   ; 12.5 %                                ; 12.5%         ; --          ; --             ;
; POWER_PRESET_COOLING_SOLUTION        ; 23 MM HEAT SINK WITH 200 LFPM AIRFLOW ; --            ; --          ; --             ;
; PROJECT_OUTPUT_DIRECTORY             ; output_files                          ; --            ; --          ; --             ;
+--------------------------------------+---------------------------------------+---------------+-------------+----------------+


+-------------------------------------------------------------------------------------------------------------------------------+
; Flow Elapsed Time                                                                                                             ;
+---------------------------+--------------+-------------------------+---------------------+------------------------------------+
; Module Name               ; Elapsed Time ; Average Processors Used ; Peak Virtual Memory ; Total CPU Time (on all processors) ;
+---------------------------+--------------+-------------------------+---------------------+------------------------------------+
; Analysis & Synthesis      ; 00:00:31     ; 1.0                     ; 688 MB              ; 00:01:08                           ;
; Fitter                    ; 00:00:10     ; 1.0                     ; 1272 MB             ; 00:00:10                           ;
; Assembler                 ; 00:00:02     ; 1.0                     ; 629 MB              ; 00:00:02                           ;
; PowerPlay Power Analyzer  ; 00:00:09     ; 1.0                     ; 721 MB              ; 00:00:09                           ;
; TimeQuest Timing Analyzer ; 00:00:05     ; 1.0                     ; 726 MB              ; 00:00:05                           ;
; EDA Netlist Writer        ; 00:00:02     ; 1.0                     ; 596 MB              ; 00:00:02                           ;
; Total                     ; 00:00:59     ; --                      ; --                  ; 00:01:36                           ;
+---------------------------+--------------+-------------------------+---------------------+------------------------------------+


+----------------------------------------------------------------------------------------+
; Flow OS Summary                                                                        ;
+---------------------------+------------------+-----------+------------+----------------+
; Module Name               ; Machine Hostname ; OS Name   ; OS Version ; Processor type ;
+---------------------------+------------------+-----------+------------+----------------+
; Analysis & Synthesis      ; Aaryn-Computer   ; Windows 7 ; 6.2        ; x86_64         ;
; Fitter                    ; Aaryn-Computer   ; Windows 7 ; 6.2        ; x86_64         ;
; Assembler                 ; Aaryn-Computer   ; Windows 7 ; 6.2        ; x86_64         ;
; PowerPlay Power Analyzer  ; Aaryn-Computer   ; Windows 7 ; 6.2        ; x86_64         ;
; TimeQuest Timing Analyzer ; Aaryn-Computer   ; Windows 7 ; 6.2        ; x86_64         ;
; EDA Netlist Writer        ; Aaryn-Computer   ; Windows 7 ; 6.2        ; x86_64         ;
+---------------------------+------------------+-----------+------------+----------------+


------------
; Flow Log ;
------------
quartus_map --read_settings_files=on --write_settings_files=off debounce -c debounce
quartus_fit --read_settings_files=off --write_settings_files=off debounce -c debounce
quartus_asm --read_settings_files=off --write_settings_files=off debounce -c debounce
quartus_pow --read_settings_files=off --write_settings_files=off debounce -c debounce
quartus_sta debounce -c debounce
quartus_eda --read_settings_files=off --write_settings_files=off debounce -c debounce



